PpvcBrgy/android/app/build/intermediates/manifest_merge_blame_file/debug/manifest-merger-blame-debug-report.txt
1<?xml version="1.0" encoding="utf-8"?>
2<manifest xmlns:android="http://schemas.android.com/apk/res/android"
3    package="com.ppvcbrgy"
4    android:versionCode="1"
5    android:versionName="1.0" >
6
7    <uses-sdk
8        android:minSdkVersion="21"
9        android:targetSdkVersion="33" />
10
11    <uses-permission android:name="android.permission.SYSTEM_ALERT_WINDOW" />
11-->src\debug\AndroidManifest.xml:5:5-77
11-->src\debug\AndroidManifest.xml:5:22-75
12    <uses-permission android:name="android.permission.INTERNET" />
12-->src\main\AndroidManifest.xml:3:5-67
12-->src\main\AndroidManifest.xml:3:22-64
13    <uses-permission android:name="android.permission.ACCESS_WIFI_STATE" />
13-->[com.facebook.flipper:flipper:0.125.0] AndroidManifest.xml:16:5-76
13-->[com.facebook.flipper:flipper:0.125.0] AndroidManifest.xml:16:22-73
14    <uses-permission android:name="android.permission.ACCESS_NETWORK_STATE" />
14-->[:react-native-community_netinfo] AndroidManifest.xml:7:5-79
14-->[:react-native-community_netinfo] AndroidManifest.xml:7:22-76
15    <uses-permission android:name="android.permission.WRITE_EXTERNAL_STORAGE" />
15-->[:react-native-fs] AndroidManifest.xml:7:5-81
15-->[:react-native-fs] AndroidManifest.xml:7:22-78
16    <uses-permission android:name="android.permission.READ_EXTERNAL_STORAGE" /> <!-- Required to access Google Play Licensing -->
17    <uses-permission android:name="com.android.vending.CHECK_LICENSE" />
17-->[:rn-fetch-blob] AndroidManifest.xml:8:5-73
17-->[:rn-fetch-blob] AndroidManifest.xml:8:22-70
18    <!--
19         Required to keep CPU alive while downloading files
20        (NOT to keep screen awake)
21    -->
22    <uses-permission android:name="android.permission.WAKE_LOCK" />
22-->[:rn-fetch-blob] AndroidManifest.xml:17:5-68
22-->[:rn-fetch-blob] AndroidManifest.xml:17:22-65
23
24    <application
24-->src\main\AndroidManifest.xml:5:5-24:19
25        android:name="com.ppvcbrgy.MainApplication"
25-->src\main\AndroidManifest.xml:6:7-38
26        android:allowBackup="false"
26-->src\main\AndroidManifest.xml:10:7-34
27        android:appComponentFactory="androidx.core.app.CoreComponentFactory"
27-->[androidx.core:core:1.8.0] AndroidManifest.xml:24:18-86
28        android:debuggable="true"
29        android:icon="@mipmap/ic_launcher"
29-->src\main\AndroidManifest.xml:8:7-41
30        android:label="@string/app_name"
30-->src\main\AndroidManifest.xml:7:7-39
31        android:roundIcon="@mipmap/ic_launcher_round"
31-->src\main\AndroidManifest.xml:9:7-52
32        android:theme="@style/AppTheme"
32-->src\main\AndroidManifest.xml:11:7-38
33        android:usesCleartextTraffic="true" >
33-->src\debug\AndroidManifest.xml:8:9-44
34        <activity
34-->src\debug\AndroidManifest.xml:11:9-111
35            android:name="com.facebook.react.devsupport.DevSettingsActivity"
35-->src\debug\AndroidManifest.xml:11:19-83
36            android:exported="false" />
36-->src\debug\AndroidManifest.xml:11:84-108
37        <activity
37-->src\main\AndroidManifest.xml:12:7-23:18
38            android:name="com.ppvcbrgy.MainActivity"
38-->src\main\AndroidManifest.xml:13:9-37
39            android:configChanges="keyboard|keyboardHidden|orientation|screenLayout|screenSize|smallestScreenSize|uiMode"
39-->src\main\AndroidManifest.xml:15:9-118
40            android:exported="true"
40-->src\main\AndroidManifest.xml:18:9-32
41            android:label="@string/app_name"
41-->src\main\AndroidManifest.xml:14:9-41
42            android:launchMode="singleTask"
42-->src\main\AndroidManifest.xml:16:9-40
43            android:windowSoftInputMode="adjustResize" >
43-->src\main\AndroidManifest.xml:17:9-51
44            <intent-filter>
44-->src\main\AndroidManifest.xml:19:9-22:25
45                <action android:name="android.intent.action.MAIN" />
45-->src\main\AndroidManifest.xml:20:13-65
45-->src\main\AndroidManifest.xml:20:21-62
46
47                <category android:name="android.intent.category.LAUNCHER" />
47-->src\main\AndroidManifest.xml:21:13-73
47-->src\main\AndroidManifest.xml:21:23-70
48            </intent-filter>
49        </activity>
50
51        <provider
51-->[:react-native-file-viewer] AndroidManifest.xml:8:9-16:20
52            android:name="com.vinzscam.reactnativefileviewer.FileProvider"
52-->[:react-native-file-viewer] AndroidManifest.xml:9:13-75
53            android:authorities="com.ppvcbrgy.provider"
53-->[:react-native-file-viewer] AndroidManifest.xml:10:13-60
54            android:exported="false"
54-->[:react-native-file-viewer] AndroidManifest.xml:11:13-37
55            android:grantUriPermissions="true" >
55-->[:react-native-file-viewer] AndroidManifest.xml:12:13-47
56            <meta-data
56-->[:react-native-file-viewer] AndroidManifest.xml:13:13-15:70
57                android:name="android.support.FILE_PROVIDER_PATHS"
57-->[:react-native-file-viewer] AndroidManifest.xml:14:17-67
58                android:resource="@xml/file_viewer_provider_paths" />
58-->[:react-native-file-viewer] AndroidManifest.xml:15:17-67
59        </provider>
60        <provider
60-->[:react-native-image-picker] AndroidManifest.xml:8:9-16:20
61            android:name="com.imagepicker.ImagePickerProvider"
61-->[:react-native-image-picker] AndroidManifest.xml:9:13-63
62            android:authorities="com.ppvcbrgy.imagepickerprovider"
62-->[:react-native-image-picker] AndroidManifest.xml:10:13-71
63            android:exported="false"
63-->[:react-native-image-picker] AndroidManifest.xml:11:13-37
64            android:grantUriPermissions="true" >
64-->[:react-native-image-picker] AndroidManifest.xml:12:13-47
65            <meta-data
65-->[:react-native-file-viewer] AndroidManifest.xml:13:13-15:70
66                android:name="android.support.FILE_PROVIDER_PATHS"
66-->[:react-native-file-viewer] AndroidManifest.xml:14:17-67
67                android:resource="@xml/imagepicker_provider_paths" />
67-->[:react-native-file-viewer] AndroidManifest.xml:15:17-67
68        </provider>
69        <provider
69-->[:rn-fetch-blob] AndroidManifest.xml:32:9-40:20
70            android:name="com.RNFetchBlob.Utils.FileProvider"
70-->[:rn-fetch-blob] AndroidManifest.xml:33:13-62
71            android:authorities="com.ppvcbrgy.provider"
71-->[:rn-fetch-blob] AndroidManifest.xml:34:13-60
72            android:exported="false"
72-->[:rn-fetch-blob] AndroidManifest.xml:35:13-37
73            android:grantUriPermissions="true" >
73-->[:rn-fetch-blob] AndroidManifest.xml:36:13-47
74            <meta-data
74-->[:react-native-file-viewer] AndroidManifest.xml:13:13-15:70
75                android:name="android.support.FILE_PROVIDER_PATHS"
75-->[:react-native-file-viewer] AndroidManifest.xml:14:17-67
76                android:resource="@xml/provider_paths" />
76-->[:react-native-file-viewer] AndroidManifest.xml:15:17-67
77        </provider>
78        <provider
78-->[androidx.emoji2:emoji2:1.0.0] AndroidManifest.xml:26:9-34:20
79            android:name="androidx.startup.InitializationProvider"
79-->[androidx.emoji2:emoji2:1.0.0] AndroidManifest.xml:27:13-67
80            android:authorities="com.ppvcbrgy.androidx-startup"
80-->[androidx.emoji2:emoji2:1.0.0] AndroidManifest.xml:28:13-68
81            android:exported="false" >
81-->[androidx.emoji2:emoji2:1.0.0] AndroidManifest.xml:29:13-37
82            <meta-data
82-->[androidx.emoji2:emoji2:1.0.0] AndroidManifest.xml:31:13-33:52
83                android:name="androidx.emoji2.text.EmojiCompatInitializer"
83-->[androidx.emoji2:emoji2:1.0.0] AndroidManifest.xml:32:17-75
84                android:value="androidx.startup" />
84-->[androidx.emoji2:emoji2:1.0.0] AndroidManifest.xml:33:17-49
85            <meta-data
85-->[androidx.lifecycle:lifecycle-process:2.4.0] AndroidManifest.xml:31:13-33:52
86                android:name="androidx.lifecycle.ProcessLifecycleInitializer"
86-->[androidx.lifecycle:lifecycle-process:2.4.0] AndroidManifest.xml:32:17-78
87                android:value="androidx.startup" />
87-->[androidx.lifecycle:lifecycle-process:2.4.0] AndroidManifest.xml:33:17-49
88        </provider>
89    </application>
90
91</manifest>